2025-11-15 03:33:38 UTC | [32mINFO[0m | test.<module>:178 | This is an info message
2025-11-15 03:33:38 UTC | [33mWARNING[0m | test.<module>:179 | This is a warning message
2025-11-15 03:33:38 UTC | [31mERROR[0m | test.<module>:180 | This is an error message
2025-11-15 03:33:38 UTC | [35mCRITICAL[0m | test.<module>:181 | This is a critical message
2025-11-15 03:33:38 UTC | [32mINFO[0m | test.log_api_request:122 | API GET /predict/AAPL | Status: started | Params: {'days': 7}
2025-11-15 03:33:38 UTC | [32mINFO[0m | test.log_data_fetch:151 | Data Fetch [yfinance] AAPL | Status: success | Fetched 100 rows
2025-11-15 03:33:38 UTC | [32mINFO[0m | test.log_model_prediction:166 | ML Prediction [Random Forest] AAPL | Status: success | Metrics: {'mae': 2.5}
2025-11-15 03:33:38 UTC | [31mERROR[0m | test.log_api_error:136 | API Error /predict/AAPL | Ticker: AAPL | Test exception
Traceback (most recent call last):
  File "/Users/tazeemmahashin/slider-calculator/MarketMind/backend/logger_config.py", line 189, in <module>
    raise ValueError("Test exception")
ValueError: Test exception
2025-11-18 21:28:29 UTC | [32mINFO[0m | migrate.init_database_with_seed:57 | 🌱 Initializing database with seed data...
2025-11-18 21:28:30 UTC | [32mINFO[0m | migrate.init_database_with_seed:63 | ✅ Created database tables
2025-11-18 21:28:30 UTC | [32mINFO[0m | database.create_default_user:360 | ✅ Created default demo user
2025-11-18 21:28:30 UTC | [32mINFO[0m | database.create_default_user:372 | ✅ Created default demo portfolio
2025-11-18 21:28:30 UTC | [32mINFO[0m | database.create_default_user:387 | ✅ Created default demo watchlist
2025-11-18 21:28:30 UTC | [32mINFO[0m | migrate.create_sample_data:201 | ✅ Created sample data
2025-11-18 21:28:30 UTC | [32mINFO[0m | migrate.init_database_with_seed:71 | 🎉 Database initialized with seed data!
2025-11-18 21:28:39 UTC | [32mINFO[0m | marketmind_api.<module>:32 | 🚀 MarketMind API Starting...
2025-11-18 21:28:39 UTC | [32mINFO[0m | marketmind_api.<module>:47 | 🔒 Rate limiting enabled
2025-11-18 21:28:39 UTC | [32mINFO[0m | marketmind_api.<module>:50 | ✅ Flask app initialized with CORS enabled
2025-11-18 21:28:39 UTC | [32mINFO[0m | marketmind_api.<module>:55 | ✅ Database initialized
2025-11-18 21:28:39 UTC | [32mINFO[0m | marketmind_api.<module>:60 | ✅ Default user ready: demo
2025-11-18 21:29:14 UTC | [32mINFO[0m | marketmind_api.<module>:32 | 🚀 MarketMind API Starting...
2025-11-18 21:29:14 UTC | [32mINFO[0m | marketmind_api.<module>:47 | 🔒 Rate limiting enabled
2025-11-18 21:29:14 UTC | [32mINFO[0m | marketmind_api.<module>:50 | ✅ Flask app initialized with CORS enabled
2025-11-18 21:29:14 UTC | [32mINFO[0m | marketmind_api.<module>:55 | ✅ Database initialized
2025-11-18 21:29:14 UTC | [32mINFO[0m | marketmind_api.<module>:60 | ✅ Default user ready: demo
2025-11-18 21:29:37 UTC | [32mINFO[0m | marketmind_api.<module>:32 | 🚀 MarketMind API Starting...
2025-11-18 21:29:37 UTC | [32mINFO[0m | marketmind_api.<module>:47 | 🔒 Rate limiting enabled
2025-11-18 21:29:37 UTC | [32mINFO[0m | marketmind_api.<module>:50 | ✅ Flask app initialized with CORS enabled
2025-11-18 21:29:37 UTC | [32mINFO[0m | marketmind_api.<module>:55 | ✅ Database initialized
2025-11-18 21:29:37 UTC | [32mINFO[0m | marketmind_api.<module>:60 | ✅ Default user ready: demo
2025-11-18 21:29:39 UTC | [32mINFO[0m | marketmind_api.<module>:32 | 🚀 MarketMind API Starting...
2025-11-18 21:29:39 UTC | [32mINFO[0m | marketmind_api.<module>:47 | 🔒 Rate limiting enabled
2025-11-18 21:29:39 UTC | [32mINFO[0m | marketmind_api.<module>:50 | ✅ Flask app initialized with CORS enabled
2025-11-18 21:29:39 UTC | [32mINFO[0m | marketmind_api.<module>:55 | ✅ Database initialized
2025-11-18 21:29:39 UTC | [32mINFO[0m | marketmind_api.<module>:60 | ✅ Default user ready: demo
2025-11-18 21:33:54 UTC | [32mINFO[0m | marketmind_api.<module>:32 | 🚀 MarketMind API Starting...
2025-11-18 21:33:54 UTC | [32mINFO[0m | marketmind_api.<module>:47 | 🔒 Rate limiting enabled
2025-11-18 21:33:54 UTC | [32mINFO[0m | marketmind_api.<module>:50 | ✅ Flask app initialized with CORS enabled
2025-11-18 21:33:54 UTC | [32mINFO[0m | marketmind_api.<module>:55 | ✅ Database initialized
2025-11-18 21:33:54 UTC | [32mINFO[0m | marketmind_api.<module>:60 | ✅ Default user ready: demo
2025-11-18 21:34:01 UTC | [32mINFO[0m | marketmind_api.<module>:32 | 🚀 MarketMind API Starting...
2025-11-18 21:34:01 UTC | [32mINFO[0m | marketmind_api.<module>:47 | 🔒 Rate limiting enabled
2025-11-18 21:34:01 UTC | [32mINFO[0m | marketmind_api.<module>:50 | ✅ Flask app initialized with CORS enabled
2025-11-18 21:34:01 UTC | [32mINFO[0m | marketmind_api.<module>:55 | ✅ Database initialized
2025-11-18 21:34:01 UTC | [32mINFO[0m | marketmind_api.<module>:60 | ✅ Default user ready: demo
2025-11-18 21:34:12 UTC | [32mINFO[0m | marketmind_api.<module>:32 | 🚀 MarketMind API Starting...
2025-11-18 21:34:12 UTC | [32mINFO[0m | marketmind_api.<module>:47 | 🔒 Rate limiting enabled
2025-11-18 21:34:12 UTC | [32mINFO[0m | marketmind_api.<module>:50 | ✅ Flask app initialized with CORS enabled
2025-11-18 21:34:12 UTC | [32mINFO[0m | marketmind_api.<module>:55 | ✅ Database initialized
2025-11-18 21:34:12 UTC | [32mINFO[0m | marketmind_api.<module>:60 | ✅ Default user ready: demo
2025-11-18 21:34:20 UTC | [32mINFO[0m | marketmind_api.<module>:32 | 🚀 MarketMind API Starting...
2025-11-18 21:34:20 UTC | [32mINFO[0m | marketmind_api.<module>:47 | 🔒 Rate limiting enabled
2025-11-18 21:34:20 UTC | [32mINFO[0m | marketmind_api.<module>:50 | ✅ Flask app initialized with CORS enabled
2025-11-18 21:34:20 UTC | [32mINFO[0m | marketmind_api.<module>:55 | ✅ Database initialized
2025-11-18 21:34:20 UTC | [32mINFO[0m | marketmind_api.<module>:60 | ✅ Default user ready: demo
2025-11-18 21:34:23 UTC | [32mINFO[0m | marketmind_api.<module>:32 | 🚀 MarketMind API Starting...
2025-11-18 21:34:23 UTC | [32mINFO[0m | marketmind_api.<module>:47 | 🔒 Rate limiting enabled
2025-11-18 21:34:23 UTC | [32mINFO[0m | marketmind_api.<module>:50 | ✅ Flask app initialized with CORS enabled
2025-11-18 21:34:23 UTC | [32mINFO[0m | marketmind_api.<module>:55 | ✅ Database initialized
2025-11-18 21:34:23 UTC | [32mINFO[0m | marketmind_api.<module>:60 | ✅ Default user ready: demo
2025-11-18 21:34:55 UTC | [32mINFO[0m | marketmind_api.<module>:32 | 🚀 MarketMind API Starting...
2025-11-18 21:34:55 UTC | [32mINFO[0m | marketmind_api.<module>:47 | 🔒 Rate limiting enabled
2025-11-18 21:34:55 UTC | [32mINFO[0m | marketmind_api.<module>:50 | ✅ Flask app initialized with CORS enabled
2025-11-18 21:34:55 UTC | [32mINFO[0m | marketmind_api.<module>:55 | ✅ Database initialized
2025-11-18 21:34:55 UTC | [32mINFO[0m | marketmind_api.<module>:60 | ✅ Default user ready: demo
2025-11-18 21:35:07 UTC | [32mINFO[0m | marketmind_api.<module>:32 | 🚀 MarketMind API Starting...
2025-11-18 21:35:07 UTC | [32mINFO[0m | marketmind_api.<module>:47 | 🔒 Rate limiting enabled
2025-11-18 21:35:07 UTC | [32mINFO[0m | marketmind_api.<module>:50 | ✅ Flask app initialized with CORS enabled
2025-11-18 21:35:07 UTC | [32mINFO[0m | marketmind_api.<module>:55 | ✅ Database initialized
2025-11-18 21:35:07 UTC | [32mINFO[0m | marketmind_api.<module>:60 | ✅ Default user ready: demo
2025-11-18 21:35:17 UTC | [32mINFO[0m | marketmind_api.<module>:32 | 🚀 MarketMind API Starting...
2025-11-18 21:35:17 UTC | [32mINFO[0m | marketmind_api.<module>:47 | 🔒 Rate limiting enabled
2025-11-18 21:35:17 UTC | [32mINFO[0m | marketmind_api.<module>:50 | ✅ Flask app initialized with CORS enabled
2025-11-18 21:35:17 UTC | [32mINFO[0m | marketmind_api.<module>:55 | ✅ Database initialized
2025-11-18 21:35:17 UTC | [32mINFO[0m | marketmind_api.<module>:60 | ✅ Default user ready: demo
2025-11-18 21:36:17 UTC | [32mINFO[0m | marketmind_api.<module>:32 | 🚀 MarketMind API Starting...
2025-11-18 21:36:26 UTC | [32mINFO[0m | marketmind_api.<module>:32 | 🚀 MarketMind API Starting...
2025-11-18 21:36:26 UTC | [32mINFO[0m | marketmind_api.<module>:47 | 🔒 Rate limiting enabled
2025-11-18 21:36:26 UTC | [32mINFO[0m | marketmind_api.<module>:50 | ✅ Flask app initialized with CORS enabled
2025-11-18 21:36:26 UTC | [32mINFO[0m | marketmind_api.<module>:55 | ✅ Database initialized
2025-11-18 21:36:26 UTC | [32mINFO[0m | marketmind_api.<module>:60 | ✅ Default user ready: demo
2025-11-18 21:36:28 UTC | [32mINFO[0m | marketmind_api.<module>:32 | 🚀 MarketMind API Starting...
2025-11-18 21:36:28 UTC | [32mINFO[0m | marketmind_api.<module>:47 | 🔒 Rate limiting enabled
2025-11-18 21:36:28 UTC | [32mINFO[0m | marketmind_api.<module>:50 | ✅ Flask app initialized with CORS enabled
2025-11-18 21:36:28 UTC | [32mINFO[0m | marketmind_api.<module>:55 | ✅ Database initialized
2025-11-18 21:36:28 UTC | [32mINFO[0m | marketmind_api.<module>:60 | ✅ Default user ready: demo
2025-11-18 21:38:57 UTC | [32mINFO[0m | marketmind_api.<module>:32 | 🚀 MarketMind API Starting...
2025-11-18 21:38:57 UTC | [32mINFO[0m | marketmind_api.<module>:47 | 🔒 Rate limiting enabled
2025-11-18 21:38:57 UTC | [32mINFO[0m | marketmind_api.<module>:50 | ✅ Flask app initialized with CORS enabled
2025-11-18 21:38:57 UTC | [32mINFO[0m | marketmind_api.<module>:55 | ✅ Database initialized
2025-11-18 21:38:57 UTC | [32mINFO[0m | marketmind_api.<module>:60 | ✅ Default user ready: demo
2025-11-18 21:39:01 UTC | [32mINFO[0m | marketmind_api.<module>:32 | 🚀 MarketMind API Starting...
2025-11-18 21:39:01 UTC | [32mINFO[0m | marketmind_api.<module>:47 | 🔒 Rate limiting enabled
2025-11-18 21:39:01 UTC | [32mINFO[0m | marketmind_api.<module>:50 | ✅ Flask app initialized with CORS enabled
2025-11-18 21:39:01 UTC | [32mINFO[0m | marketmind_api.<module>:55 | ✅ Database initialized
2025-11-18 21:39:01 UTC | [32mINFO[0m | marketmind_api.<module>:60 | ✅ Default user ready: demo
2025-11-18 21:39:01 UTC | [32mINFO[0m | marketmind_api.log_api_request:122 | API GET /watchlist | Status: completed
2025-11-18 21:39:04 UTC | [32mINFO[0m | marketmind_api.log_api_request:122 | API GET /paper/portfolio | Status: completed
2025-11-18 21:39:10 UTC | [32mINFO[0m | marketmind_api.add_to_watchlist:138 | Added NVDA to watchlist
2025-11-18 21:39:10 UTC | [32mINFO[0m | marketmind_api.log_api_request:122 | API POST /watchlist/NVDA | Status: completed
2025-11-18 21:39:13 UTC | [32mINFO[0m | marketmind_api.log_api_request:122 | API POST /paper/buy | Status: completed
2025-11-18 21:39:15 UTC | [32mINFO[0m | marketmind_api.log_api_request:122 | API GET /paper/portfolio | Status: completed
2025-11-18 21:39:26 UTC | [32mINFO[0m | marketmind_api.log_api_request:122 | API GET /stock/AAPL | Status: started
2025-11-18 21:39:28 UTC | [32mINFO[0m | marketmind_api.log_api_request:122 | API GET /predict/AAPL | Status: started
2025-11-18 21:39:29 UTC | [32mINFO[0m | marketmind_api.predict_stock:295 | ✅ Prediction completed for AAPL | Recent: $267.44 | Predicted: $268.98
2025-11-18 21:41:00 UTC | [32mINFO[0m | marketmind_api.<module>:32 | 🚀 MarketMind API Starting...
2025-11-18 21:41:00 UTC | [32mINFO[0m | marketmind_api.<module>:47 | 🔒 Rate limiting enabled
2025-11-18 21:41:00 UTC | [32mINFO[0m | marketmind_api.<module>:50 | ✅ Flask app initialized with CORS enabled
2025-11-18 21:41:00 UTC | [32mINFO[0m | marketmind_api.<module>:55 | ✅ Database initialized
2025-11-18 21:41:00 UTC | [32mINFO[0m | marketmind_api.<module>:60 | ✅ Default user ready: demo
2025-11-18 21:41:22 UTC | [32mINFO[0m | marketmind_api.<module>:32 | 🚀 MarketMind API Starting...
2025-11-18 21:41:22 UTC | [32mINFO[0m | marketmind_api.<module>:47 | 🔒 Rate limiting enabled
2025-11-18 21:41:22 UTC | [32mINFO[0m | marketmind_api.<module>:50 | ✅ Flask app initialized with CORS enabled
2025-11-18 21:41:22 UTC | [32mINFO[0m | marketmind_api.<module>:55 | ✅ Database initialized
2025-11-18 21:41:22 UTC | [32mINFO[0m | marketmind_api.<module>:60 | ✅ Default user ready: demo
2025-11-18 21:41:25 UTC | [31mERROR[0m | marketmind_api.log_api_error:136 | API Error /paper/history | type object 'Trade' has no attribute 'timestamp'
Traceback (most recent call last):
  File "/Users/tazeemmahashin/slider-calculator/MarketMind/backend/api.py", line 725, in get_trade_history
    trades = Trade.query.filter_by(portfolio_id=portfolio.id).order_by(Trade.timestamp.desc()).limit(50).all()
AttributeError: type object 'Trade' has no attribute 'timestamp'
2025-11-18 21:41:37 UTC | [32mINFO[0m | marketmind_api.<module>:32 | 🚀 MarketMind API Starting...
2025-11-18 21:41:37 UTC | [32mINFO[0m | marketmind_api.<module>:47 | 🔒 Rate limiting enabled
2025-11-18 21:41:37 UTC | [32mINFO[0m | marketmind_api.<module>:50 | ✅ Flask app initialized with CORS enabled
2025-11-18 21:41:37 UTC | [32mINFO[0m | marketmind_api.<module>:55 | ✅ Database initialized
2025-11-18 21:41:38 UTC | [32mINFO[0m | marketmind_api.<module>:60 | ✅ Default user ready: demo
2025-11-18 21:41:53 UTC | [32mINFO[0m | marketmind_api.<module>:32 | 🚀 MarketMind API Starting...
2025-11-18 21:41:53 UTC | [32mINFO[0m | marketmind_api.<module>:47 | 🔒 Rate limiting enabled
2025-11-18 21:41:53 UTC | [32mINFO[0m | marketmind_api.<module>:50 | ✅ Flask app initialized with CORS enabled
2025-11-18 21:41:53 UTC | [32mINFO[0m | marketmind_api.<module>:55 | ✅ Database initialized
2025-11-18 21:41:53 UTC | [32mINFO[0m | marketmind_api.<module>:60 | ✅ Default user ready: demo
2025-11-18 21:41:54 UTC | [31mERROR[0m | marketmind_api.log_api_error:136 | API Error /paper/history | type object 'Trade' has no attribute 'timestamp'
Traceback (most recent call last):
  File "/Users/tazeemmahashin/slider-calculator/MarketMind/backend/api.py", line 725, in get_trade_history
    trades = Trade.query.filter_by(portfolio_id=portfolio.id).order_by(Trade.timestamp.desc()).limit(50).all()
AttributeError: type object 'Trade' has no attribute 'timestamp'
2025-11-18 21:41:59 UTC | [32mINFO[0m | marketmind_api.log_api_request:122 | API GET /watchlist | Status: completed
2025-11-18 21:41:59 UTC | [32mINFO[0m | marketmind_api.log_api_request:122 | API GET /paper/portfolio | Status: completed
2025-11-18 21:41:59 UTC | [32mINFO[0m | marketmind_api.add_to_watchlist:138 | Added AAPL to watchlist
2025-11-18 21:41:59 UTC | [32mINFO[0m | marketmind_api.log_api_request:122 | API POST /watchlist/AAPL | Status: completed
2025-11-18 21:42:00 UTC | [32mINFO[0m | marketmind_api.log_api_request:122 | API POST /paper/buy | Status: completed
2025-11-18 21:42:23 UTC | [32mINFO[0m | marketmind_api.<module>:32 | 🚀 MarketMind API Starting...
2025-11-18 21:42:23 UTC | [32mINFO[0m | marketmind_api.<module>:47 | 🔒 Rate limiting enabled
2025-11-18 21:42:23 UTC | [32mINFO[0m | marketmind_api.<module>:50 | ✅ Flask app initialized with CORS enabled
2025-11-18 21:42:23 UTC | [32mINFO[0m | marketmind_api.<module>:55 | ✅ Database initialized
2025-11-18 21:42:23 UTC | [32mINFO[0m | marketmind_api.<module>:60 | ✅ Default user ready: demo
2025-11-18 21:42:25 UTC | [32mINFO[0m | marketmind_api.log_api_request:122 | API GET /watchlist | Status: completed
2025-11-18 21:42:25 UTC | [32mINFO[0m | marketmind_api.log_api_request:122 | API GET /paper/portfolio | Status: completed
2025-11-18 21:42:25 UTC | [32mINFO[0m | marketmind_api.add_to_watchlist:138 | Added AAPL to watchlist
2025-11-18 21:42:25 UTC | [32mINFO[0m | marketmind_api.log_api_request:122 | API POST /watchlist/AAPL | Status: completed
2025-11-18 21:42:26 UTC | [32mINFO[0m | marketmind_api.log_api_request:122 | API POST /paper/buy | Status: completed
2025-11-18 21:42:35 UTC | [32mINFO[0m | marketmind_api.<module>:32 | 🚀 MarketMind API Starting...
2025-11-18 21:42:35 UTC | [32mINFO[0m | marketmind_api.<module>:47 | 🔒 Rate limiting enabled
2025-11-18 21:42:35 UTC | [32mINFO[0m | marketmind_api.<module>:50 | ✅ Flask app initialized with CORS enabled
2025-11-18 21:42:35 UTC | [32mINFO[0m | marketmind_api.<module>:55 | ✅ Database initialized
2025-11-18 21:42:35 UTC | [32mINFO[0m | marketmind_api.<module>:60 | ✅ Default user ready: demo
2025-11-18 21:42:42 UTC | [32mINFO[0m | marketmind_api.<module>:32 | 🚀 MarketMind API Starting...
2025-11-18 21:42:42 UTC | [32mINFO[0m | marketmind_api.<module>:47 | 🔒 Rate limiting enabled
2025-11-18 21:42:42 UTC | [32mINFO[0m | marketmind_api.<module>:50 | ✅ Flask app initialized with CORS enabled
2025-11-18 21:42:42 UTC | [32mINFO[0m | marketmind_api.<module>:55 | ✅ Database initialized
2025-11-18 21:42:42 UTC | [32mINFO[0m | marketmind_api.<module>:60 | ✅ Default user ready: demo
2025-11-18 21:42:45 UTC | [32mINFO[0m | database.update_portfolio_history:456 | ✅ Updated portfolio history for portfolio 1
2025-11-18 21:42:45 UTC | [32mINFO[0m | marketmind_api.log_api_request:122 | API GET /paper/analytics | Status: completed
2025-11-18 21:42:47 UTC | [31mERROR[0m | marketmind_api.log_api_error:136 | API Error /paper/history | type object 'Trade' has no attribute 'timestamp'
Traceback (most recent call last):
  File "/Users/tazeemmahashin/slider-calculator/MarketMind/backend/api.py", line 725, in get_trade_history
    trades = Trade.query.filter_by(portfolio_id=portfolio.id).order_by(Trade.timestamp.desc()).limit(50).all()
AttributeError: type object 'Trade' has no attribute 'timestamp'
2025-11-18 21:43:05 UTC | [32mINFO[0m | marketmind_api.<module>:32 | 🚀 MarketMind API Starting...
2025-11-18 21:43:05 UTC | [32mINFO[0m | marketmind_api.<module>:47 | 🔒 Rate limiting enabled
2025-11-18 21:43:05 UTC | [32mINFO[0m | marketmind_api.<module>:50 | ✅ Flask app initialized with CORS enabled
2025-11-18 21:43:05 UTC | [32mINFO[0m | marketmind_api.<module>:55 | ✅ Database initialized
2025-11-18 21:43:05 UTC | [32mINFO[0m | marketmind_api.<module>:60 | ✅ Default user ready: demo
2025-11-18 21:43:13 UTC | [31mERROR[0m | marketmind_api.log_api_error:136 | API Error /paper/history | type object 'Trade' has no attribute 'timestamp'
Traceback (most recent call last):
  File "/Users/tazeemmahashin/slider-calculator/MarketMind/backend/api.py", line 725, in get_trade_history
    trades = Trade.query.filter_by(portfolio_id=portfolio.id).order_by(Trade.timestamp.desc()).limit(50).all()
AttributeError: type object 'Trade' has no attribute 'timestamp'
2025-11-18 21:43:20 UTC | [32mINFO[0m | marketmind_api.<module>:32 | 🚀 MarketMind API Starting...
2025-11-18 21:43:20 UTC | [32mINFO[0m | marketmind_api.<module>:47 | 🔒 Rate limiting enabled
2025-11-18 21:43:20 UTC | [32mINFO[0m | marketmind_api.<module>:50 | ✅ Flask app initialized with CORS enabled
2025-11-18 21:43:20 UTC | [32mINFO[0m | marketmind_api.<module>:55 | ✅ Database initialized
2025-11-18 21:43:20 UTC | [32mINFO[0m | marketmind_api.<module>:60 | ✅ Default user ready: demo
2025-11-18 21:43:35 UTC | [32mINFO[0m | marketmind_api.<module>:32 | 🚀 MarketMind API Starting...
2025-11-18 21:43:35 UTC | [32mINFO[0m | marketmind_api.<module>:47 | 🔒 Rate limiting enabled
2025-11-18 21:43:35 UTC | [32mINFO[0m | marketmind_api.<module>:50 | ✅ Flask app initialized with CORS enabled
2025-11-18 21:43:35 UTC | [32mINFO[0m | marketmind_api.<module>:55 | ✅ Database initialized
2025-11-18 21:43:35 UTC | [32mINFO[0m | marketmind_api.<module>:60 | ✅ Default user ready: demo
2025-11-18 21:43:38 UTC | [31mERROR[0m | marketmind_api.log_api_error:136 | API Error /paper/history | type object 'Trade' has no attribute 'timestamp'
Traceback (most recent call last):
  File "/Users/tazeemmahashin/slider-calculator/MarketMind/backend/api.py", line 725, in get_trade_history
    trades = Trade.query.filter_by(portfolio_id=portfolio.id).order_by(Trade.timestamp.desc()).limit(50).all()
AttributeError: type object 'Trade' has no attribute 'timestamp'
2025-11-18 21:43:49 UTC | [32mINFO[0m | marketmind_api.<module>:32 | 🚀 MarketMind API Starting...
2025-11-18 21:43:49 UTC | [32mINFO[0m | marketmind_api.<module>:47 | 🔒 Rate limiting enabled
2025-11-18 21:43:49 UTC | [32mINFO[0m | marketmind_api.<module>:50 | ✅ Flask app initialized with CORS enabled
2025-11-18 21:43:49 UTC | [32mINFO[0m | marketmind_api.<module>:55 | ✅ Database initialized
2025-11-18 21:43:49 UTC | [32mINFO[0m | marketmind_api.<module>:60 | ✅ Default user ready: demo
2025-11-18 21:44:09 UTC | [32mINFO[0m | marketmind_api.<module>:32 | 🚀 MarketMind API Starting...
2025-11-18 21:44:09 UTC | [32mINFO[0m | marketmind_api.<module>:47 | 🔒 Rate limiting enabled
2025-11-18 21:44:09 UTC | [32mINFO[0m | marketmind_api.<module>:50 | ✅ Flask app initialized with CORS enabled
2025-11-18 21:44:09 UTC | [32mINFO[0m | marketmind_api.<module>:55 | ✅ Database initialized
2025-11-18 21:44:09 UTC | [32mINFO[0m | marketmind_api.<module>:60 | ✅ Default user ready: demo
2025-11-18 21:44:12 UTC | [31mERROR[0m | marketmind_api.log_api_error:136 | API Error /paper/history | type object 'Trade' has no attribute 'timestamp'
Traceback (most recent call last):
  File "/Users/tazeemmahashin/slider-calculator/MarketMind/backend/api.py", line 725, in get_trade_history
    trades = Trade.query.filter_by(portfolio_id=portfolio.id).order_by(Trade.created_at.desc()).limit(50).all()
AttributeError: type object 'Trade' has no attribute 'timestamp'
2025-11-18 21:44:16 UTC | [32mINFO[0m | marketmind_api.<module>:32 | 🚀 MarketMind API Starting...
2025-11-18 21:44:16 UTC | [32mINFO[0m | marketmind_api.<module>:47 | 🔒 Rate limiting enabled
2025-11-18 21:44:16 UTC | [32mINFO[0m | marketmind_api.<module>:50 | ✅ Flask app initialized with CORS enabled
2025-11-18 21:44:16 UTC | [32mINFO[0m | marketmind_api.<module>:55 | ✅ Database initialized
2025-11-18 21:44:16 UTC | [32mINFO[0m | marketmind_api.<module>:60 | ✅ Default user ready: demo
2025-11-18 21:44:27 UTC | [32mINFO[0m | marketmind_api.<module>:32 | 🚀 MarketMind API Starting...
2025-11-18 21:44:27 UTC | [32mINFO[0m | marketmind_api.<module>:47 | 🔒 Rate limiting enabled
2025-11-18 21:44:27 UTC | [32mINFO[0m | marketmind_api.<module>:50 | ✅ Flask app initialized with CORS enabled
2025-11-18 21:44:27 UTC | [32mINFO[0m | marketmind_api.<module>:55 | ✅ Database initialized
2025-11-18 21:44:27 UTC | [32mINFO[0m | marketmind_api.<module>:60 | ✅ Default user ready: demo
2025-11-18 21:44:35 UTC | [32mINFO[0m | marketmind_api.<module>:32 | 🚀 MarketMind API Starting...
2025-11-18 21:44:35 UTC | [32mINFO[0m | marketmind_api.<module>:47 | 🔒 Rate limiting enabled
2025-11-18 21:44:35 UTC | [32mINFO[0m | marketmind_api.<module>:50 | ✅ Flask app initialized with CORS enabled
2025-11-18 21:44:35 UTC | [32mINFO[0m | marketmind_api.<module>:55 | ✅ Database initialized
2025-11-18 21:44:35 UTC | [32mINFO[0m | marketmind_api.<module>:60 | ✅ Default user ready: demo
2025-11-18 21:44:37 UTC | [31mERROR[0m | marketmind_api.log_api_error:136 | API Error /paper/history | type object 'Trade' has no attribute 'timestamp'
Traceback (most recent call last):
  File "/Users/tazeemmahashin/slider-calculator/MarketMind/backend/api.py", line 725, in get_trade_history
    trades = Trade.query.filter_by(portfolio_id=portfolio.id).order_by(Trade.created_at.desc()).limit(50).all()
AttributeError: type object 'Trade' has no attribute 'timestamp'
2025-11-18 21:44:45 UTC | [32mINFO[0m | marketmind_api.<module>:32 | 🚀 MarketMind API Starting...
2025-11-18 21:44:45 UTC | [32mINFO[0m | marketmind_api.<module>:47 | 🔒 Rate limiting enabled
2025-11-18 21:44:45 UTC | [32mINFO[0m | marketmind_api.<module>:50 | ✅ Flask app initialized with CORS enabled
2025-11-18 21:44:45 UTC | [32mINFO[0m | marketmind_api.<module>:55 | ✅ Database initialized
2025-11-18 21:44:45 UTC | [32mINFO[0m | marketmind_api.<module>:60 | ✅ Default user ready: demo
2025-11-18 21:44:46 UTC | [31mERROR[0m | marketmind_api.log_api_error:136 | API Error /paper/history | type object 'Trade' has no attribute 'timestamp'
Traceback (most recent call last):
  File "/Users/tazeemmahashin/slider-calculator/MarketMind/backend/api.py", line 725, in get_trade_history
    trades = Trade.query.filter_by(portfolio_id=portfolio.id).order_by(Trade.created_at.desc()).limit(50).all()
AttributeError: type object 'Trade' has no attribute 'timestamp'
2025-11-18 21:44:51 UTC | [32mINFO[0m | marketmind_api.<module>:32 | 🚀 MarketMind API Starting...
2025-11-18 21:44:51 UTC | [32mINFO[0m | marketmind_api.<module>:47 | 🔒 Rate limiting enabled
2025-11-18 21:44:51 UTC | [32mINFO[0m | marketmind_api.<module>:50 | ✅ Flask app initialized with CORS enabled
2025-11-18 21:44:51 UTC | [32mINFO[0m | marketmind_api.<module>:55 | ✅ Database initialized
2025-11-18 21:44:51 UTC | [32mINFO[0m | marketmind_api.<module>:60 | ✅ Default user ready: demo
2025-11-18 21:45:07 UTC | [32mINFO[0m | marketmind_api.log_api_request:122 | API GET /paper/history | Status: completed
2025-11-18 21:45:24 UTC | [32mINFO[0m | marketmind_api.<module>:32 | 🚀 MarketMind API Starting...
2025-11-18 21:45:24 UTC | [32mINFO[0m | marketmind_api.<module>:47 | 🔒 Rate limiting enabled
2025-11-18 21:45:24 UTC | [32mINFO[0m | marketmind_api.<module>:50 | ✅ Flask app initialized with CORS enabled
2025-11-18 21:45:24 UTC | [32mINFO[0m | marketmind_api.<module>:55 | ✅ Database initialized
2025-11-18 21:45:24 UTC | [32mINFO[0m | marketmind_api.<module>:60 | ✅ Default user ready: demo
2025-11-18 21:45:24 UTC | [32mINFO[0m | marketmind_api.log_api_request:122 | API GET /paper/history | Status: completed
2025-11-18 21:45:26 UTC | [32mINFO[0m | marketmind_api.log_api_request:122 | API GET /watchlist | Status: completed
2025-11-18 21:45:27 UTC | [32mINFO[0m | marketmind_api.log_api_request:122 | API GET /paper/portfolio | Status: completed
2025-11-18 21:45:28 UTC | [32mINFO[0m | database.update_portfolio_history:456 | ✅ Updated portfolio history for portfolio 1
2025-11-18 21:45:28 UTC | [32mINFO[0m | marketmind_api.log_api_request:122 | API GET /paper/analytics | Status: completed
2025-11-18 21:45:28 UTC | [32mINFO[0m | marketmind_api.add_to_watchlist:138 | Added AAPL to watchlist
2025-11-18 21:45:28 UTC | [32mINFO[0m | marketmind_api.log_api_request:122 | API POST /watchlist/AAPL | Status: completed
2025-11-18 21:45:31 UTC | [32mINFO[0m | marketmind_api.log_api_request:122 | API POST /paper/buy | Status: completed
2025-11-18 21:46:01 UTC | [32mINFO[0m | marketmind_api.log_api_request:122 | API GET /paper/portfolio | Status: completed
2025-11-18 21:46:04 UTC | [32mINFO[0m | marketmind_api.log_api_request:122 | API POST /paper/reset | Status: completed
2025-11-18 21:46:07 UTC | [32mINFO[0m | marketmind_api.log_api_request:122 | API GET /paper/portfolio | Status: completed
2025-11-18 21:47:54 UTC | [32mINFO[0m | marketmind_api.<module>:32 | 🚀 MarketMind API Starting...
2025-11-18 21:47:54 UTC | [32mINFO[0m | marketmind_api.<module>:47 | 🔒 Rate limiting enabled
2025-11-18 21:47:54 UTC | [32mINFO[0m | marketmind_api.<module>:50 | ✅ Flask app initialized with CORS enabled
2025-11-18 21:47:54 UTC | [32mINFO[0m | marketmind_api.<module>:55 | ✅ Database initialized
2025-11-18 21:47:54 UTC | [32mINFO[0m | database.create_default_user:360 | ✅ Created default demo user
2025-11-18 21:47:54 UTC | [32mINFO[0m | database.create_default_user:372 | ✅ Created default demo portfolio
2025-11-18 21:47:54 UTC | [32mINFO[0m | database.create_default_user:387 | ✅ Created default demo watchlist
2025-11-18 21:47:54 UTC | [32mINFO[0m | marketmind_api.<module>:60 | ✅ Default user ready: demo
2025-11-18 21:48:05 UTC | [32mINFO[0m | marketmind_api.log_api_request:122 | API GET /watchlist | Status: completed
2025-11-18 21:48:05 UTC | [32mINFO[0m | marketmind_api.log_api_request:122 | API GET /paper/portfolio | Status: completed
2025-11-18 21:48:05 UTC | [32mINFO[0m | database.update_portfolio_history:456 | ✅ Updated portfolio history for portfolio 1
2025-11-18 21:48:05 UTC | [32mINFO[0m | marketmind_api.log_api_request:122 | API GET /paper/analytics | Status: completed
2025-11-18 21:48:05 UTC | [32mINFO[0m | marketmind_api.add_to_watchlist:138 | Added AAPL to watchlist
2025-11-18 21:48:05 UTC | [32mINFO[0m | marketmind_api.log_api_request:122 | API POST /watchlist/AAPL | Status: completed
2025-11-18 21:48:05 UTC | [32mINFO[0m | marketmind_api.log_api_request:122 | API POST /paper/buy | Status: completed
2025-11-18 21:48:12 UTC | [32mINFO[0m | marketmind_api.log_api_request:122 | API GET /paper/portfolio | Status: completed
2025-11-18 21:48:46 UTC | [32mINFO[0m | marketmind_api.log_api_request:122 | API GET /stock/AAPL | Status: started
2025-11-18 21:48:47 UTC | [32mINFO[0m | marketmind_api.log_api_request:122 | API GET /predict/AAPL | Status: started
2025-11-18 21:48:48 UTC | [32mINFO[0m | marketmind_api.predict_stock:295 | ✅ Prediction completed for AAPL | Recent: $267.44 | Predicted: $268.98
2025-11-18 21:48:48 UTC | [32mINFO[0m | marketmind_api.log_api_request:122 | API GET /predict/AAPL | Status: started
2025-11-18 21:48:48 UTC | [32mINFO[0m | marketmind_api.predict_stock:295 | ✅ Prediction completed for AAPL | Recent: $267.44 | Predicted: $268.98
2025-11-18 21:48:51 UTC | [32mINFO[0m | marketmind_api.add_to_watchlist:138 | Added AAPL to watchlist
2025-11-18 21:48:51 UTC | [32mINFO[0m | marketmind_api.log_api_request:122 | API POST /watchlist/AAPL | Status: completed
2025-11-18 21:48:53 UTC | [32mINFO[0m | marketmind_api.log_api_request:122 | API GET /watchlist | Status: completed
2025-11-18 21:48:53 UTC | [32mINFO[0m | marketmind_api.log_api_request:122 | API GET /watchlist | Status: completed
2025-11-18 21:48:55 UTC | [32mINFO[0m | marketmind_api.log_api_request:122 | API GET /paper/history | Status: completed
2025-11-18 21:48:55 UTC | [32mINFO[0m | marketmind_api.log_api_request:122 | API GET /paper/history | Status: completed
2025-11-18 21:48:56 UTC | [32mINFO[0m | marketmind_api.log_api_request:122 | API GET /paper/portfolio | Status: completed
2025-11-18 21:48:57 UTC | [32mINFO[0m | marketmind_api.log_api_request:122 | API GET /paper/portfolio | Status: completed
2025-11-18 21:49:54 UTC | [32mINFO[0m | marketmind_api.log_api_request:122 | API GET /watchlist | Status: completed
2025-11-18 21:49:54 UTC | [32mINFO[0m | marketmind_api.log_api_request:122 | API GET /watchlist | Status: completed
2025-11-18 21:50:03 UTC | [32mINFO[0m | marketmind_api.log_api_request:122 | API GET /paper/history | Status: completed
2025-11-18 21:50:03 UTC | [32mINFO[0m | marketmind_api.log_api_request:122 | API GET /paper/history | Status: completed
2025-11-18 21:50:04 UTC | [32mINFO[0m | marketmind_api.log_api_request:122 | API GET /paper/portfolio | Status: completed
2025-11-18 21:50:04 UTC | [32mINFO[0m | marketmind_api.log_api_request:122 | API GET /paper/portfolio | Status: completed
2025-11-18 21:50:13 UTC | [32mINFO[0m | marketmind_api.log_api_request:122 | API GET /paper/portfolio | Status: completed
2025-11-18 21:50:18 UTC | [32mINFO[0m | marketmind_api.log_api_request:122 | API GET /watchlist | Status: completed
2025-11-18 21:50:48 UTC | [32mINFO[0m | marketmind_api.<module>:32 | 🚀 MarketMind API Starting...
2025-11-18 21:50:48 UTC | [32mINFO[0m | marketmind_api.<module>:47 | 🔒 Rate limiting enabled
2025-11-18 21:50:48 UTC | [32mINFO[0m | marketmind_api.<module>:50 | ✅ Flask app initialized with CORS enabled
2025-11-18 21:50:48 UTC | [32mINFO[0m | marketmind_api.<module>:55 | ✅ Database initialized
2025-11-18 21:50:48 UTC | [32mINFO[0m | marketmind_api.<module>:60 | ✅ Default user ready: demo
2025-11-18 21:50:48 UTC | [32mINFO[0m | marketmind_api.log_api_request:122 | API GET /watchlist | Status: completed
2025-11-18 21:50:55 UTC | [32mINFO[0m | marketmind_api.<module>:32 | 🚀 MarketMind API Starting...
2025-11-18 21:50:55 UTC | [32mINFO[0m | marketmind_api.<module>:47 | 🔒 Rate limiting enabled
2025-11-18 21:50:55 UTC | [32mINFO[0m | marketmind_api.<module>:50 | ✅ Flask app initialized with CORS enabled
2025-11-18 21:50:55 UTC | [32mINFO[0m | marketmind_api.<module>:55 | ✅ Database initialized
2025-11-18 21:50:55 UTC | [32mINFO[0m | marketmind_api.<module>:60 | ✅ Default user ready: demo
2025-11-18 21:51:01 UTC | [33mWARNING[0m | marketmind_api.get_watchlist:116 | Failed to fetch data for  : argument of type 'NoneType' is not iterable
2025-11-18 21:51:03 UTC | [33mWARNING[0m | marketmind_api.get_watchlist:116 | Failed to fetch data for  : argument of type 'NoneType' is not iterable
2025-11-18 21:51:06 UTC | [33mWARNING[0m | marketmind_api.get_watchlist:116 | Failed to fetch data for  : argument of type 'NoneType' is not iterable
2025-11-18 21:51:08 UTC | [33mWARNING[0m | marketmind_api.get_watchlist:116 | Failed to fetch data for  : argument of type 'NoneType' is not iterable
2025-11-18 21:51:10 UTC | [32mINFO[0m | marketmind_api.log_api_request:122 | API GET /watchlist | Status: completed
2025-11-18 21:51:16 UTC | [33mWARNING[0m | marketmind_api.get_watchlist:116 | Failed to fetch data for  : argument of type 'NoneType' is not iterable
2025-11-18 21:51:19 UTC | [33mWARNING[0m | marketmind_api.get_watchlist:116 | Failed to fetch data for  : argument of type 'NoneType' is not iterable
2025-11-18 21:51:22 UTC | [33mWARNING[0m | marketmind_api.get_watchlist:116 | Failed to fetch data for  : argument of type 'NoneType' is not iterable
2025-11-18 21:51:23 UTC | [33mWARNING[0m | marketmind_api.get_watchlist:116 | Failed to fetch data for  : argument of type 'NoneType' is not iterable
2025-11-18 21:51:25 UTC | [32mINFO[0m | marketmind_api.log_api_request:122 | API GET /watchlist | Status: completed
2025-11-18 21:51:35 UTC | [32mINFO[0m | marketmind_api.<module>:32 | 🚀 MarketMind API Starting...
2025-11-18 21:51:35 UTC | [32mINFO[0m | marketmind_api.<module>:47 | 🔒 Rate limiting enabled
2025-11-18 21:51:35 UTC | [32mINFO[0m | marketmind_api.<module>:50 | ✅ Flask app initialized with CORS enabled
2025-11-18 21:51:35 UTC | [32mINFO[0m | marketmind_api.<module>:55 | ✅ Database initialized
2025-11-18 21:51:35 UTC | [32mINFO[0m | marketmind_api.<module>:60 | ✅ Default user ready: demo
2025-11-18 21:51:51 UTC | [32mINFO[0m | marketmind_api.<module>:32 | 🚀 MarketMind API Starting...
2025-11-18 21:51:51 UTC | [32mINFO[0m | marketmind_api.<module>:47 | 🔒 Rate limiting enabled
2025-11-18 21:51:51 UTC | [32mINFO[0m | marketmind_api.<module>:50 | ✅ Flask app initialized with CORS enabled
2025-11-18 21:51:51 UTC | [32mINFO[0m | marketmind_api.<module>:55 | ✅ Database initialized
2025-11-18 21:51:51 UTC | [32mINFO[0m | marketmind_api.<module>:60 | ✅ Default user ready: demo
2025-11-18 21:51:59 UTC | [32mINFO[0m | marketmind_api.log_api_request:122 | API GET /watchlist | Status: completed
2025-11-18 21:52:01 UTC | [32mINFO[0m | marketmind_api.log_api_request:122 | API GET /paper/history | Status: completed
2025-11-18 21:52:05 UTC | [32mINFO[0m | marketmind_api.log_api_request:122 | API POST /paper/buy | Status: completed
2025-11-18 21:52:08 UTC | [32mINFO[0m | marketmind_api.log_api_request:122 | API GET /paper/history | Status: completed
2025-11-18 21:53:22 UTC | [32mINFO[0m | marketmind_api.log_api_request:122 | API GET /paper/history | Status: completed
2025-11-18 21:53:22 UTC | [32mINFO[0m | marketmind_api.log_api_request:122 | API GET /paper/history | Status: completed
2025-11-18 21:53:23 UTC | [32mINFO[0m | marketmind_api.log_api_request:122 | API GET /paper/portfolio | Status: completed
2025-11-18 21:53:23 UTC | [32mINFO[0m | marketmind_api.log_api_request:122 | API GET /paper/portfolio | Status: completed
2025-11-18 21:53:25 UTC | [32mINFO[0m | marketmind_api.log_api_request:122 | API GET /watchlist | Status: completed
2025-11-18 21:53:25 UTC | [33mWARNING[0m | marketmind_api.get_stock_data:244 | Invalid ticker format: [object Object] | Error: Ticker must be 10 characters or less
2025-11-18 21:53:25 UTC | [33mWARNING[0m | marketmind_api.get_stock_data:244 | Invalid ticker format: [object Object] | Error: Ticker must be 10 characters or less
2025-11-18 21:53:25 UTC | [33mWARNING[0m | marketmind_api.get_stock_data:244 | Invalid ticker format: [object Object] | Error: Ticker must be 10 characters or less
2025-11-18 21:53:25 UTC | [33mWARNING[0m | marketmind_api.get_stock_data:244 | Invalid ticker format: [object Object] | Error: Ticker must be 10 characters or less
2025-11-18 21:53:25 UTC | [33mWARNING[0m | marketmind_api.get_stock_data:244 | Invalid ticker format: [object Object] | Error: Ticker must be 10 characters or less
2025-11-18 21:53:26 UTC | [32mINFO[0m | marketmind_api.log_api_request:122 | API GET /watchlist | Status: completed
2025-11-18 21:53:26 UTC | [33mWARNING[0m | marketmind_api.get_stock_data:244 | Invalid ticker format: [object Object] | Error: Ticker must be 10 characters or less
2025-11-18 21:53:26 UTC | [33mWARNING[0m | marketmind_api.get_stock_data:244 | Invalid ticker format: [object Object] | Error: Ticker must be 10 characters or less
2025-11-18 21:53:26 UTC | [33mWARNING[0m | marketmind_api.get_stock_data:244 | Invalid ticker format: [object Object] | Error: Ticker must be 10 characters or less
2025-11-18 21:53:26 UTC | [33mWARNING[0m | marketmind_api.get_stock_data:244 | Invalid ticker format: [object Object] | Error: Ticker must be 10 characters or less
2025-11-18 21:53:26 UTC | [33mWARNING[0m | marketmind_api.get_stock_data:244 | Invalid ticker format: [object Object] | Error: Ticker must be 10 characters or less
2025-11-18 21:58:46 UTC | [32mINFO[0m | marketmind_api.log_api_request:122 | API GET /paper/history | Status: completed
2025-11-18 21:58:46 UTC | [32mINFO[0m | marketmind_api.log_api_request:122 | API GET /paper/history | Status: completed
2025-11-18 21:58:46 UTC | [32mINFO[0m | marketmind_api.log_api_request:122 | API GET /paper/portfolio | Status: completed
2025-11-18 21:58:47 UTC | [32mINFO[0m | marketmind_api.log_api_request:122 | API GET /paper/portfolio | Status: completed
2025-11-18 21:58:47 UTC | [32mINFO[0m | marketmind_api.log_api_request:122 | API GET /watchlist | Status: completed
2025-11-18 21:58:47 UTC | [33mWARNING[0m | marketmind_api.get_stock_data:244 | Invalid ticker format: [object Object] | Error: Ticker must be 10 characters or less
2025-11-18 21:58:47 UTC | [33mWARNING[0m | marketmind_api.get_stock_data:244 | Invalid ticker format: [object Object] | Error: Ticker must be 10 characters or less
2025-11-18 21:58:47 UTC | [33mWARNING[0m | marketmind_api.get_stock_data:244 | Invalid ticker format: [object Object] | Error: Ticker must be 10 characters or less
2025-11-18 21:58:47 UTC | [33mWARNING[0m | marketmind_api.get_stock_data:244 | Invalid ticker format: [object Object] | Error: Ticker must be 10 characters or less
2025-11-18 21:58:47 UTC | [33mWARNING[0m | marketmind_api.get_stock_data:244 | Invalid ticker format: [object Object] | Error: Ticker must be 10 characters or less
2025-11-18 21:58:47 UTC | [32mINFO[0m | marketmind_api.log_api_request:122 | API GET /watchlist | Status: completed
2025-11-18 21:58:47 UTC | [33mWARNING[0m | marketmind_api.get_stock_data:244 | Invalid ticker format: [object Object] | Error: Ticker must be 10 characters or less
2025-11-18 21:58:47 UTC | [33mWARNING[0m | marketmind_api.get_stock_data:244 | Invalid ticker format: [object Object] | Error: Ticker must be 10 characters or less
2025-11-18 21:58:47 UTC | [33mWARNING[0m | marketmind_api.get_stock_data:244 | Invalid ticker format: [object Object] | Error: Ticker must be 10 characters or less
2025-11-18 21:58:47 UTC | [33mWARNING[0m | marketmind_api.get_stock_data:244 | Invalid ticker format: [object Object] | Error: Ticker must be 10 characters or less
2025-11-18 21:58:47 UTC | [33mWARNING[0m | marketmind_api.get_stock_data:244 | Invalid ticker format: [object Object] | Error: Ticker must be 10 characters or less
2025-11-18 21:59:17 UTC | [32mINFO[0m | marketmind_api.log_api_request:122 | API GET /paper/portfolio | Status: completed
2025-11-18 21:59:47 UTC | [32mINFO[0m | marketmind_api.log_api_request:122 | API GET /paper/portfolio | Status: completed
2025-11-18 22:00:17 UTC | [32mINFO[0m | marketmind_api.log_api_request:122 | API GET /paper/portfolio | Status: completed
2025-11-18 22:00:47 UTC | [32mINFO[0m | marketmind_api.log_api_request:122 | API GET /paper/portfolio | Status: completed
2025-11-18 22:01:17 UTC | [32mINFO[0m | marketmind_api.log_api_request:122 | API GET /paper/portfolio | Status: completed
2025-11-18 22:01:47 UTC | [32mINFO[0m | marketmind_api.log_api_request:122 | API GET /paper/portfolio | Status: completed
2025-11-18 22:02:52 UTC | [32mINFO[0m | marketmind_api.log_api_request:122 | API GET /paper/portfolio | Status: completed
2025-11-18 22:03:52 UTC | [32mINFO[0m | marketmind_api.log_api_request:122 | API GET /paper/portfolio | Status: completed
2025-11-18 22:04:35 UTC | [32mINFO[0m | marketmind_api.<module>:32 | 🚀 MarketMind API Starting...
2025-11-18 22:04:35 UTC | [32mINFO[0m | marketmind_api.<module>:47 | 🔒 Rate limiting enabled
2025-11-18 22:04:35 UTC | [32mINFO[0m | marketmind_api.<module>:50 | ✅ Flask app initialized with CORS enabled
2025-11-18 22:04:35 UTC | [32mINFO[0m | marketmind_api.<module>:55 | ✅ Database initialized
2025-11-18 22:04:35 UTC | [32mINFO[0m | marketmind_api.<module>:60 | ✅ Default user ready: demo
2025-11-18 22:04:47 UTC | [32mINFO[0m | marketmind_api.log_api_request:122 | API GET /search/suggestions | Status: completed
2025-11-18 22:04:52 UTC | [32mINFO[0m | marketmind_api.log_api_request:122 | API GET /paper/portfolio | Status: completed
2025-11-18 22:05:20 UTC | [32mINFO[0m | marketmind_api.log_api_request:122 | API GET /paper/portfolio | Status: completed
2025-11-18 22:05:32 UTC | [32mINFO[0m | marketmind_api.log_api_request:122 | API GET /search/suggestions | Status: completed
2025-11-18 22:05:38 UTC | [32mINFO[0m | marketmind_api.log_api_request:122 | API GET /search/suggestions | Status: completed
2025-11-18 22:06:22 UTC | [32mINFO[0m | marketmind_api.log_api_request:122 | API GET /stock/AAPL | Status: started
2025-11-18 22:06:22 UTC | [32mINFO[0m | marketmind_api.log_api_request:122 | API GET /predict/AAPL | Status: started
2025-11-18 22:06:22 UTC | [32mINFO[0m | marketmind_api.predict_stock:481 | ✅ Prediction completed for AAPL | Recent: $267.44 | Predicted: $268.98
2025-11-18 22:06:23 UTC | [32mINFO[0m | marketmind_api.log_api_request:122 | API GET /predict/AAPL | Status: started
2025-11-18 22:06:23 UTC | [32mINFO[0m | marketmind_api.predict_stock:481 | ✅ Prediction completed for AAPL | Recent: $267.44 | Predicted: $268.98
2025-11-18 22:06:24 UTC | [32mINFO[0m | marketmind_api.log_api_request:122 | API GET /search/suggestions | Status: completed
2025-11-18 22:06:26 UTC | [32mINFO[0m | marketmind_api.log_api_request:122 | API GET /search/suggestions | Status: completed
2025-11-18 22:06:30 UTC | [32mINFO[0m | marketmind_api.log_api_request:122 | API GET /search/suggestions | Status: completed
2025-11-18 22:06:34 UTC | [32mINFO[0m | marketmind_api.log_api_request:122 | API GET /search/suggestions | Status: completed
2025-11-18 22:06:45 UTC | [32mINFO[0m | marketmind_api.log_api_request:122 | API GET /search/suggestions | Status: completed
2025-11-18 22:06:45 UTC | [32mINFO[0m | marketmind_api.log_api_request:122 | API GET /search/suggestions | Status: completed
2025-11-18 22:06:50 UTC | [32mINFO[0m | marketmind_api.log_api_request:122 | API GET /stock/NVDA | Status: started
2025-11-18 22:06:50 UTC | [32mINFO[0m | marketmind_api.log_api_request:122 | API GET /predict/NVDA | Status: started
2025-11-18 22:06:50 UTC | [32mINFO[0m | marketmind_api.predict_stock:481 | ✅ Prediction completed for NVDA | Recent: $181.36 | Predicted: $183.11
2025-11-18 22:06:50 UTC | [32mINFO[0m | marketmind_api.log_api_request:122 | API GET /predict/NVDA | Status: started
2025-11-18 22:06:51 UTC | [32mINFO[0m | marketmind_api.predict_stock:481 | ✅ Prediction completed for NVDA | Recent: $181.36 | Predicted: $183.11
2025-11-18 22:06:57 UTC | [32mINFO[0m | marketmind_api.log_api_request:122 | API GET /watchlist | Status: completed
2025-11-18 22:06:57 UTC | [33mWARNING[0m | marketmind_api.get_stock_data:392 | Invalid ticker format: [object Object] | Error: Ticker must be 10 characters or less
2025-11-18 22:06:57 UTC | [33mWARNING[0m | marketmind_api.get_stock_data:392 | Invalid ticker format: [object Object] | Error: Ticker must be 10 characters or less
2025-11-18 22:06:57 UTC | [33mWARNING[0m | marketmind_api.get_stock_data:392 | Invalid ticker format: [object Object] | Error: Ticker must be 10 characters or less
2025-11-18 22:06:57 UTC | [33mWARNING[0m | marketmind_api.get_stock_data:392 | Invalid ticker format: [object Object] | Error: Ticker must be 10 characters or less
2025-11-18 22:06:57 UTC | [33mWARNING[0m | marketmind_api.get_stock_data:392 | Invalid ticker format: [object Object] | Error: Ticker must be 10 characters or less
2025-11-18 22:06:58 UTC | [32mINFO[0m | marketmind_api.log_api_request:122 | API GET /watchlist | Status: completed
2025-11-18 22:06:58 UTC | [33mWARNING[0m | marketmind_api.get_stock_data:392 | Invalid ticker format: [object Object] | Error: Ticker must be 10 characters or less
2025-11-18 22:06:58 UTC | [33mWARNING[0m | marketmind_api.get_stock_data:392 | Invalid ticker format: [object Object] | Error: Ticker must be 10 characters or less
2025-11-18 22:06:58 UTC | [33mWARNING[0m | marketmind_api.get_stock_data:392 | Invalid ticker format: [object Object] | Error: Ticker must be 10 characters or less
2025-11-18 22:06:58 UTC | [33mWARNING[0m | marketmind_api.get_stock_data:392 | Invalid ticker format: [object Object] | Error: Ticker must be 10 characters or less
2025-11-18 22:06:58 UTC | [33mWARNING[0m | marketmind_api.get_stock_data:392 | Invalid ticker format: [object Object] | Error: Ticker must be 10 characters or less
2025-11-18 22:06:59 UTC | [32mINFO[0m | marketmind_api.log_api_request:122 | API GET /watchlist | Status: completed
2025-11-18 22:06:59 UTC | [33mWARNING[0m | marketmind_api.get_stock_data:392 | Invalid ticker format: [object Object] | Error: Ticker must be 10 characters or less
2025-11-18 22:06:59 UTC | [33mWARNING[0m | marketmind_api.get_stock_data:392 | Invalid ticker format: [object Object] | Error: Ticker must be 10 characters or less
2025-11-18 22:06:59 UTC | [33mWARNING[0m | marketmind_api.get_stock_data:392 | Invalid ticker format: [object Object] | Error: Ticker must be 10 characters or less
2025-11-18 22:06:59 UTC | [33mWARNING[0m | marketmind_api.get_stock_data:392 | Invalid ticker format: [object Object] | Error: Ticker must be 10 characters or less
2025-11-18 22:06:59 UTC | [33mWARNING[0m | marketmind_api.get_stock_data:392 | Invalid ticker format: [object Object] | Error: Ticker must be 10 characters or less
2025-11-18 22:06:59 UTC | [32mINFO[0m | marketmind_api.log_api_request:122 | API GET /watchlist | Status: completed
2025-11-18 22:06:59 UTC | [33mWARNING[0m | marketmind_api.get_stock_data:392 | Invalid ticker format: [object Object] | Error: Ticker must be 10 characters or less
2025-11-18 22:06:59 UTC | [33mWARNING[0m | marketmind_api.get_stock_data:392 | Invalid ticker format: [object Object] | Error: Ticker must be 10 characters or less
2025-11-18 22:06:59 UTC | [33mWARNING[0m | marketmind_api.get_stock_data:392 | Invalid ticker format: [object Object] | Error: Ticker must be 10 characters or less
2025-11-18 22:06:59 UTC | [33mWARNING[0m | marketmind_api.get_stock_data:392 | Invalid ticker format: [object Object] | Error: Ticker must be 10 characters or less
2025-11-18 22:06:59 UTC | [33mWARNING[0m | marketmind_api.get_stock_data:392 | Invalid ticker format: [object Object] | Error: Ticker must be 10 characters or less
2025-11-18 22:07:03 UTC | [32mINFO[0m | marketmind_api.log_api_request:122 | API GET /search/suggestions | Status: completed
2025-11-18 22:07:09 UTC | [32mINFO[0m | marketmind_api.log_api_request:122 | API GET /search/suggestions | Status: completed
2025-11-18 22:07:15 UTC | [32mINFO[0m | marketmind_api.log_api_request:122 | API GET /search/suggestions | Status: completed
2025-11-18 22:07:18 UTC | [32mINFO[0m | marketmind_api.log_api_request:122 | API GET /stock/GOOGL | Status: started
2025-11-18 22:07:18 UTC | [32mINFO[0m | marketmind_api.log_api_request:122 | API GET /predict/GOOGL | Status: started
2025-11-18 22:07:18 UTC | [32mINFO[0m | marketmind_api.predict_stock:481 | ✅ Prediction completed for GOOGL | Recent: $284.28 | Predicted: $283.50
2025-11-18 22:07:18 UTC | [32mINFO[0m | marketmind_api.log_api_request:122 | API GET /predict/GOOGL | Status: started
2025-11-18 22:07:19 UTC | [32mINFO[0m | marketmind_api.predict_stock:481 | ✅ Prediction completed for GOOGL | Recent: $284.28 | Predicted: $283.50
2025-11-18 22:07:21 UTC | [32mINFO[0m | marketmind_api.log_api_request:122 | API GET /search/suggestions | Status: completed
2025-11-18 22:07:21 UTC | [32mINFO[0m | marketmind_api.log_api_request:122 | API GET /stock/MCD | Status: started
2025-11-18 22:07:22 UTC | [32mINFO[0m | marketmind_api.log_api_request:122 | API GET /predict/MCD | Status: started
2025-11-18 22:07:22 UTC | [32mINFO[0m | marketmind_api.predict_stock:481 | ✅ Prediction completed for MCD | Recent: $304.59 | Predicted: $303.79
2025-11-18 22:07:22 UTC | [32mINFO[0m | marketmind_api.log_api_request:122 | API GET /predict/MCD | Status: started
2025-11-18 22:07:23 UTC | [32mINFO[0m | marketmind_api.predict_stock:481 | ✅ Prediction completed for MCD | Recent: $304.59 | Predicted: $303.79
2025-11-18 22:07:23 UTC | [32mINFO[0m | marketmind_api.log_api_request:122 | API GET /stock/COP | Status: started
2025-11-18 22:07:24 UTC | [32mINFO[0m | marketmind_api.log_api_request:122 | API GET /predict/COP | Status: started
2025-11-18 22:07:25 UTC | [32mINFO[0m | marketmind_api.predict_stock:481 | ✅ Prediction completed for COP | Recent: $89.68 | Predicted: $89.18
2025-11-18 22:07:25 UTC | [32mINFO[0m | marketmind_api.log_api_request:122 | API GET /predict/COP | Status: started
2025-11-18 22:07:25 UTC | [32mINFO[0m | marketmind_api.predict_stock:481 | ✅ Prediction completed for COP | Recent: $89.68 | Predicted: $89.18
2025-11-18 22:08:20 UTC | [32mINFO[0m | marketmind_api.<module>:32 | 🚀 MarketMind API Starting...
2025-11-18 22:08:20 UTC | [32mINFO[0m | marketmind_api.<module>:47 | 🔒 Rate limiting enabled
2025-11-18 22:08:20 UTC | [32mINFO[0m | marketmind_api.<module>:50 | ✅ Flask app initialized with CORS enabled
2025-11-18 22:08:20 UTC | [32mINFO[0m | marketmind_api.<module>:55 | ✅ Database initialized
2025-11-18 22:08:20 UTC | [32mINFO[0m | marketmind_api.<module>:60 | ✅ Default user ready: demo
2025-11-18 22:08:50 UTC | [32mINFO[0m | marketmind_api.<module>:32 | 🚀 MarketMind API Starting...
2025-11-18 22:08:50 UTC | [32mINFO[0m | marketmind_api.<module>:47 | 🔒 Rate limiting enabled
2025-11-18 22:08:50 UTC | [32mINFO[0m | marketmind_api.<module>:50 | ✅ Flask app initialized with CORS enabled
2025-11-18 22:08:50 UTC | [32mINFO[0m | marketmind_api.<module>:55 | ✅ Database initialized
2025-11-18 22:08:50 UTC | [32mINFO[0m | marketmind_api.<module>:60 | ✅ Default user ready: demo
2025-11-18 22:08:58 UTC | [32mINFO[0m | marketmind_api.log_api_request:122 | API GET /search/suggestions | Status: completed
2025-11-18 22:08:58 UTC | [32mINFO[0m | marketmind_api.log_api_request:122 | API GET /search/suggestions | Status: cache_hit
2025-11-18 22:10:16 UTC | [32mINFO[0m | marketmind_api.log_api_request:122 | API GET /search/suggestions | Status: cache_hit
2025-11-18 22:10:16 UTC | [32mINFO[0m | marketmind_api.log_api_request:122 | API GET /search/suggestions | Status: cache_hit
2025-11-18 22:10:18 UTC | [32mINFO[0m | marketmind_api.log_api_request:122 | API GET /search/suggestions | Status: cache_hit
2025-11-18 22:11:08 UTC | [32mINFO[0m | marketmind_api.<module>:32 | 🚀 MarketMind API Starting...
2025-11-18 22:11:08 UTC | [32mINFO[0m | marketmind_api.<module>:47 | 🔒 Rate limiting enabled
2025-11-18 22:11:08 UTC | [32mINFO[0m | marketmind_api.<module>:50 | ✅ Flask app initialized with CORS enabled
2025-11-18 22:11:08 UTC | [32mINFO[0m | marketmind_api.<module>:55 | ✅ Database initialized
2025-11-18 22:11:08 UTC | [32mINFO[0m | marketmind_api.<module>:60 | ✅ Default user ready: demo
2025-11-18 22:11:15 UTC | [32mINFO[0m | marketmind_api.log_api_request:122 | API GET /search/suggestions | Status: completed
2025-11-18 22:11:48 UTC | [32mINFO[0m | marketmind_api.log_api_request:122 | API GET /search/suggestions | Status: cache_hit
2025-11-18 22:11:48 UTC | [32mINFO[0m | marketmind_api.log_api_request:122 | API GET /search/suggestions | Status: cache_hit
2025-11-18 22:11:50 UTC | [32mINFO[0m | marketmind_api.log_api_request:122 | API GET /stock/META | Status: started
2025-11-18 22:11:50 UTC | [32mINFO[0m | marketmind_api.log_api_request:122 | API GET /predict/META | Status: started
2025-11-18 22:11:51 UTC | [32mINFO[0m | marketmind_api.predict_stock:529 | ✅ Prediction completed for META | Recent: $597.69 | Predicted: $608.04
2025-11-18 22:11:51 UTC | [32mINFO[0m | marketmind_api.log_api_request:122 | API GET /predict/META | Status: started
2025-11-18 22:11:51 UTC | [32mINFO[0m | marketmind_api.predict_stock:529 | ✅ Prediction completed for META | Recent: $597.69 | Predicted: $608.04
2025-11-18 22:13:05 UTC | [32mINFO[0m | marketmind_api.log_api_request:122 | API GET /search/suggestions | Status: cache_hit
2025-11-18 22:13:05 UTC | [32mINFO[0m | marketmind_api.log_api_request:122 | API GET /search/suggestions | Status: cache_hit
2025-11-18 22:13:47 UTC | [32mINFO[0m | marketmind_api.<module>:32 | 🚀 MarketMind API Starting...
2025-11-18 22:13:47 UTC | [32mINFO[0m | marketmind_api.<module>:47 | 🔒 Rate limiting enabled
2025-11-18 22:13:47 UTC | [32mINFO[0m | marketmind_api.<module>:50 | ✅ Flask app initialized with CORS enabled
2025-11-18 22:13:47 UTC | [32mINFO[0m | marketmind_api.<module>:55 | ✅ Database initialized
2025-11-18 22:13:47 UTC | [32mINFO[0m | marketmind_api.<module>:60 | ✅ Default user ready: demo
2025-11-18 22:13:58 UTC | [32mINFO[0m | marketmind_api.log_api_request:122 | API GET /search/suggestions | Status: completed
2025-11-18 22:13:58 UTC | [32mINFO[0m | marketmind_api.log_api_request:122 | API GET /search/suggestions | Status: completed
